<?xml version="1.0" encoding="UTF-8"?>
<!-- Generated by org.testng.reporters.JUnitReportReporter -->
<testsuite hostname="LAPTOP-BH20SDQE" failures="0" tests="2" name="Assessment.Case_015" time="13.618" errors="0" timestamp="2023-12-08T16:50:31 PST" skipped="0">
  <testcase classname="Assessment.Case_015" name="start_element_checker" time="7.375"/>
  <testcase classname="Assessment.Case_015" name="test_url" time="6.243"/>
</testsuite> <!-- Assessment.Case_015 -->
