<?xml version="1.0" encoding="UTF-8"?>
<!-- Generated by org.testng.reporters.JUnitReportReporter -->
<testsuite hostname="LAPTOP-BH20SDQE" failures="0" tests="2" name="Assessment.Cases_010" time="11.853" errors="0" timestamp="2023-12-08T17:03:02 PST" skipped="0">
  <testcase classname="Assessment.Cases_010" name="search_branch" time="4.241"/>
  <testcase classname="Assessment.Cases_010" name="All_element_presents" time="7.612"/>
</testsuite> <!-- Assessment.Cases_010 -->
