<?xml version="1.0" encoding="UTF-8"?>
<!-- Generated by org.testng.reporters.JUnitReportReporter -->
<testsuite hostname="LAPTOP-BH20SDQE" failures="0" tests="2" name="Assessment.Cases_negative_10" time="12.143" errors="0" timestamp="2023-12-08T16:50:31 PST" skipped="0">
  <testcase classname="Assessment.Cases_negative_10" name="All_element_presents" time="7.901"/>
  <testcase classname="Assessment.Cases_negative_10" name="search_branch" time="4.242"/>
</testsuite> <!-- Assessment.Cases_negative_10 -->
